2020-04-29 17:44:58,420 WARN  [SoapUI] Missing folder [C:\Users\zhuqiangqiang\IdeaProjects\IPutils\ext] for external libraries
2020-04-29 17:44:58,567 INFO  [DefaultSoapUICore] initialized soapui-settings from [C:\Users\zhuqiangqiang\soapui-settings.xml]
2020-04-29 17:45:02,961 INFO  [SchemaUtils] Added default schema from file:/C:/Users/zhuqiangqiang/.m2/repository/com/smartbear/soapui/soapui/5.0.0/soapui-5.0.0.jar!/com/eviware/soapui/resources/xsds/xop.xsd with targetNamespace http://www.w3.org/2004/08/xop/include
2020-04-29 17:45:02,981 INFO  [SchemaUtils] Added default schema from file:/C:/Users/zhuqiangqiang/.m2/repository/com/smartbear/soapui/soapui/5.0.0/soapui-5.0.0.jar!/com/eviware/soapui/resources/xsds/XMLSchema.xsd with targetNamespace http://www.w3.org/2001/XMLSchema
2020-04-29 17:45:02,983 INFO  [SchemaUtils] Added default schema from file:/C:/Users/zhuqiangqiang/.m2/repository/com/smartbear/soapui/soapui/5.0.0/soapui-5.0.0.jar!/com/eviware/soapui/resources/xsds/xml.xsd with targetNamespace http://www.w3.org/XML/1998/namespace
2020-04-29 17:45:02,985 INFO  [SchemaUtils] Added default schema from file:/C:/Users/zhuqiangqiang/.m2/repository/com/smartbear/soapui/soapui/5.0.0/soapui-5.0.0.jar!/com/eviware/soapui/resources/xsds/swaref.xsd with targetNamespace http://ws-i.org/profiles/basic/1.1/xsd
2020-04-29 17:45:02,986 INFO  [SchemaUtils] Added default schema from file:/C:/Users/zhuqiangqiang/.m2/repository/com/smartbear/soapui/soapui/5.0.0/soapui-5.0.0.jar!/com/eviware/soapui/resources/xsds/xmime200505.xsd with targetNamespace http://www.w3.org/2005/05/xmlmime
2020-04-29 17:45:02,988 INFO  [SchemaUtils] Added default schema from file:/C:/Users/zhuqiangqiang/.m2/repository/com/smartbear/soapui/soapui/5.0.0/soapui-5.0.0.jar!/com/eviware/soapui/resources/xsds/xmime200411.xsd with targetNamespace http://www.w3.org/2004/11/xmlmime
2020-04-29 17:45:02,990 INFO  [SchemaUtils] Added default schema from file:/C:/Users/zhuqiangqiang/.m2/repository/com/smartbear/soapui/soapui/5.0.0/soapui-5.0.0.jar!/com/eviware/soapui/resources/xsds/soapEnvelope.xsd with targetNamespace http://schemas.xmlsoap.org/soap/envelope/
2020-04-29 17:45:02,992 INFO  [SchemaUtils] Added default schema from file:/C:/Users/zhuqiangqiang/.m2/repository/com/smartbear/soapui/soapui/5.0.0/soapui-5.0.0.jar!/com/eviware/soapui/resources/xsds/soapEncoding.xsd with targetNamespace http://schemas.xmlsoap.org/soap/encoding/
2020-04-29 17:45:02,994 INFO  [SchemaUtils] Added default schema from file:/C:/Users/zhuqiangqiang/.m2/repository/com/smartbear/soapui/soapui/5.0.0/soapui-5.0.0.jar!/com/eviware/soapui/resources/xsds/soapEnvelope12.xsd with targetNamespace http://www.w3.org/2003/05/soap-envelope
2020-04-29 17:45:02,996 INFO  [SchemaUtils] Added default schema from file:/C:/Users/zhuqiangqiang/.m2/repository/com/smartbear/soapui/soapui/5.0.0/soapui-5.0.0.jar!/com/eviware/soapui/resources/xsds/soapEncoding12.xsd with targetNamespace http://www.w3.org/2003/05/soap-encoding
2020-04-29 17:45:05,040 INFO  [SchemaUtils] Loading schema types from [http://localhost:9999/demo?wsdl]
2020-04-29 17:45:05,040 INFO  [SchemaUtils] Getting schema http://localhost:9999/demo?wsdl
2020-04-29 17:45:05,042 INFO  [SchemaUtils] Getting schema http://localhost:9999/demo?wsdl=1
2020-04-29 17:45:05,047 INFO  [SchemaUtils] Getting schema http://localhost:9999/demo?xsd=1
2020-04-29 17:45:05,215 WARN  [SchemaUtils] Error: jar:file:/C:/Users/zhuqiangqiang/.m2/repository/com/smartbear/soapui/soapui/5.0.0/soapui-5.0.0.jar!/com/eviware/soapui/resources/xsds/soapEncoding12.xsd:0: warning: id-idref-idrefs-entity-entities-notation: For compatibility, type 'ID' should only be used for attributes (used for element 'ID@http://www.w3.org/2003/05/soap-encoding').
2020-04-29 17:45:05,215 WARN  [SchemaUtils] Error: jar:file:/C:/Users/zhuqiangqiang/.m2/repository/com/smartbear/soapui/soapui/5.0.0/soapui-5.0.0.jar!/com/eviware/soapui/resources/xsds/soapEncoding12.xsd:0: warning: id-idref-idrefs-entity-entities-notation: For compatibility, type 'IDREF' should only be used for attributes (used for element 'IDREF@http://www.w3.org/2003/05/soap-encoding').
2020-04-29 17:45:05,215 WARN  [SchemaUtils] Error: jar:file:/C:/Users/zhuqiangqiang/.m2/repository/com/smartbear/soapui/soapui/5.0.0/soapui-5.0.0.jar!/com/eviware/soapui/resources/xsds/soapEncoding12.xsd:0: warning: id-idref-idrefs-entity-entities-notation: For compatibility, type 'ENTITY' should only be used for attributes (used for element 'ENTITY@http://www.w3.org/2003/05/soap-encoding').
2020-04-29 17:45:05,215 WARN  [SchemaUtils] Error: jar:file:/C:/Users/zhuqiangqiang/.m2/repository/com/smartbear/soapui/soapui/5.0.0/soapui-5.0.0.jar!/com/eviware/soapui/resources/xsds/soapEncoding12.xsd:0: warning: id-idref-idrefs-entity-entities-notation: For compatibility, type 'IDREFS' should only be used for attributes (used for element 'IDREFS@http://www.w3.org/2003/05/soap-encoding').
2020-04-29 17:45:05,215 WARN  [SchemaUtils] Error: jar:file:/C:/Users/zhuqiangqiang/.m2/repository/com/smartbear/soapui/soapui/5.0.0/soapui-5.0.0.jar!/com/eviware/soapui/resources/xsds/soapEncoding12.xsd:0: warning: id-idref-idrefs-entity-entities-notation: For compatibility, type 'ENTITIES' should only be used for attributes (used for element 'ENTITIES@http://www.w3.org/2003/05/soap-encoding').
2020-04-29 17:45:05,215 WARN  [SchemaUtils] Error: jar:file:/C:/Users/zhuqiangqiang/.m2/repository/com/smartbear/soapui/soapui/5.0.0/soapui-5.0.0.jar!/com/eviware/soapui/resources/xsds/soapEncoding.xsd:0: warning: id-idref-idrefs-entity-entities-notation: For compatibility, type 'ID' should only be used for attributes (used for element 'ID@http://schemas.xmlsoap.org/soap/encoding/').
2020-04-29 17:45:05,216 WARN  [SchemaUtils] Error: jar:file:/C:/Users/zhuqiangqiang/.m2/repository/com/smartbear/soapui/soapui/5.0.0/soapui-5.0.0.jar!/com/eviware/soapui/resources/xsds/soapEncoding.xsd:0: warning: id-idref-idrefs-entity-entities-notation: For compatibility, type 'IDREF' should only be used for attributes (used for element 'IDREF@http://schemas.xmlsoap.org/soap/encoding/').
2020-04-29 17:45:05,216 WARN  [SchemaUtils] Error: jar:file:/C:/Users/zhuqiangqiang/.m2/repository/com/smartbear/soapui/soapui/5.0.0/soapui-5.0.0.jar!/com/eviware/soapui/resources/xsds/soapEncoding.xsd:0: warning: id-idref-idrefs-entity-entities-notation: For compatibility, type 'ENTITY' should only be used for attributes (used for element 'ENTITY@http://schemas.xmlsoap.org/soap/encoding/').
2020-04-29 17:45:05,216 WARN  [SchemaUtils] Error: jar:file:/C:/Users/zhuqiangqiang/.m2/repository/com/smartbear/soapui/soapui/5.0.0/soapui-5.0.0.jar!/com/eviware/soapui/resources/xsds/soapEncoding.xsd:0: warning: id-idref-idrefs-entity-entities-notation: For compatibility, type 'IDREFS' should only be used for attributes (used for element 'IDREFS@http://schemas.xmlsoap.org/soap/encoding/').
2020-04-29 17:45:05,216 WARN  [SchemaUtils] Error: jar:file:/C:/Users/zhuqiangqiang/.m2/repository/com/smartbear/soapui/soapui/5.0.0/soapui-5.0.0.jar!/com/eviware/soapui/resources/xsds/soapEncoding.xsd:0: warning: id-idref-idrefs-entity-entities-notation: For compatibility, type 'ENTITIES' should only be used for attributes (used for element 'ENTITIES@http://schemas.xmlsoap.org/soap/encoding/').
2020-04-29 17:45:05,245 INFO  [WsdlImporter] Finding importer for {http://http://org.example.server}LoginPortBinding
2020-04-29 17:45:05,247 INFO  [WsdlImporter] Importing binding {http://http://org.example.server}LoginPortBinding
2020-04-29 17:45:05,265 INFO  [Soap11HttpBindingImporter] importing endpoint http://localhost:9999/demo
2020-04-29 17:45:05,297 INFO  [Soap11HttpBindingImporter] importing operation say
2020-04-29 17:45:05,310 INFO  [Soap11HttpBindingImporter] importing operation sayHello
